<?xml version="1.0" encoding="UTF-8"?>
<testsuite name="org.example.springboot.domain.posts.PostsRepositoryTest" tests="2" skipped="0" failures="0" errors="0" timestamp="2021-05-11T17:16:02" hostname="DESKTOP-10NRA17" time="0.377">
  <properties/>
  <testcase name="게시글저장_불러오기" classname="org.example.springboot.domain.posts.PostsRepositoryTest" time="0.355"/>
  <testcase name="BaseTimeEntity_등록" classname="org.example.springboot.domain.posts.PostsRepositoryTest" time="0.021"/>
  <system-out><![CDATA[2021-05-12 02:15:53.549  INFO 36808 --- [    Test worker] .b.t.c.SpringBootTestContextBootstrapper : Neither @ContextConfiguration nor @ContextHierarchy found for test class [org.example.springboot.domain.posts.PostsRepositoryTest], using SpringBootContextLoader
2021-05-12 02:15:53.552  INFO 36808 --- [    Test worker] o.s.t.c.support.AbstractContextLoader    : Could not detect default resource locations for test class [org.example.springboot.domain.posts.PostsRepositoryTest]: no resource found for suffixes {-context.xml, Context.groovy}.
2021-05-12 02:15:53.552  INFO 36808 --- [    Test worker] t.c.s.AnnotationConfigContextLoaderUtils : Could not detect default configuration classes for test class [org.example.springboot.domain.posts.PostsRepositoryTest]: PostsRepositoryTest does not declare any static, non-private, non-final, nested classes annotated with @Configuration.
2021-05-12 02:15:53.578  INFO 36808 --- [    Test worker] .b.t.c.SpringBootTestContextBootstrapper : Found @SpringBootConfiguration org.example.springboot.Application for test class org.example.springboot.domain.posts.PostsRepositoryTest
2021-05-12 02:15:53.585  INFO 36808 --- [    Test worker] .b.t.c.SpringBootTestContextBootstrapper : Loaded default TestExecutionListener class names from location [META-INF/spring.factories]: [org.springframework.security.test.context.support.WithSecurityContextTestExecutionListener, org.springframework.security.test.context.support.ReactorContextTestExecutionListener, org.springframework.boot.test.autoconfigure.restdocs.RestDocsTestExecutionListener, org.springframework.boot.test.autoconfigure.web.client.MockRestServiceServerResetTestExecutionListener, org.springframework.boot.test.autoconfigure.web.servlet.MockMvcPrintOnlyOnFailureTestExecutionListener, org.springframework.boot.test.autoconfigure.web.servlet.WebDriverTestExecutionListener, org.springframework.boot.test.mock.mockito.MockitoTestExecutionListener, org.springframework.boot.test.mock.mockito.ResetMocksTestExecutionListener, org.springframework.test.context.web.ServletTestExecutionListener, org.springframework.test.context.support.DirtiesContextBeforeModesTestExecutionListener, org.springframework.test.context.support.DependencyInjectionTestExecutionListener, org.springframework.test.context.support.DirtiesContextTestExecutionListener, org.springframework.test.context.transaction.TransactionalTestExecutionListener, org.springframework.test.context.jdbc.SqlScriptsTestExecutionListener]
2021-05-12 02:15:53.587  INFO 36808 --- [    Test worker] .b.t.c.SpringBootTestContextBootstrapper : Using TestExecutionListeners: [org.springframework.test.context.web.ServletTestExecutionListener@1f82662b, org.springframework.test.context.support.DirtiesContextBeforeModesTestExecutionListener@33442c68, org.springframework.boot.test.mock.mockito.MockitoTestExecutionListener@3b7b4c81, org.springframework.boot.test.autoconfigure.SpringBootDependencyInjectionTestExecutionListener@44f6c11d, org.springframework.test.context.support.DirtiesContextTestExecutionListener@48495496, org.springframework.test.context.transaction.TransactionalTestExecutionListener@5a7c069b, org.springframework.test.context.jdbc.SqlScriptsTestExecutionListener@3b024611, org.springframework.security.test.context.support.WithSecurityContextTestExecutionListener@498e8645, org.springframework.security.test.context.support.ReactorContextTestExecutionListener@4be19606, org.springframework.boot.test.autoconfigure.restdocs.RestDocsTestExecutionListener@7193093f, org.springframework.boot.test.autoconfigure.web.client.MockRestServiceServerResetTestExecutionListener@5808fbd2, org.springframework.boot.test.autoconfigure.web.servlet.MockMvcPrintOnlyOnFailureTestExecutionListener@6509f238, org.springframework.boot.test.autoconfigure.web.servlet.WebDriverTestExecutionListener@221f0939, org.springframework.boot.test.mock.mockito.ResetMocksTestExecutionListener@4b2c26b4]

  .   ____          _            __ _ _
 /\\ / ___'_ __ _ _(_)_ __  __ _ \ \ \ \
( ( )\___ | '_ | '_| | '_ \/ _` | \ \ \ \
 \\/  ___)| |_)| | | | | || (_| |  ) ) ) )
  '  |____| .__|_| |_|_| |_\__, | / / / /
 =========|_|==============|___/=/_/_/_/
 :: Spring Boot ::        (v2.1.7.RELEASE)

2021-05-12 02:15:53.658  INFO 36808 --- [    Test worker] o.e.s.domain.posts.PostsRepositoryTest   : Starting PostsRepositoryTest on DESKTOP-10NRA17 with PID 36808 (started by sechiyo97 in C:\dev\SpringBoot\FirstGradleProject)
2021-05-12 02:15:53.659  INFO 36808 --- [    Test worker] o.e.s.domain.posts.PostsRepositoryTest   : No active profile set, falling back to default profiles: default
2021-05-12 02:15:54.563  INFO 36808 --- [    Test worker] .s.d.r.c.RepositoryConfigurationDelegate : Bootstrapping Spring Data repositories in DEFAULT mode.
2021-05-12 02:15:54.700  INFO 36808 --- [    Test worker] .s.d.r.c.RepositoryConfigurationDelegate : Finished Spring Data repository scanning in 126ms. Found 2 repository interfaces.
2021-05-12 02:15:55.253  INFO 36808 --- [    Test worker] trationDelegate$BeanPostProcessorChecker : Bean 'org.springframework.transaction.annotation.ProxyTransactionManagementConfiguration' of type [org.springframework.transaction.annotation.ProxyTransactionManagementConfiguration$$EnhancerBySpringCGLIB$$4a0b9817] is not eligible for getting processed by all BeanPostProcessors (for example: not eligible for auto-proxying)
2021-05-12 02:15:55.575  INFO 36808 --- [    Test worker] com.zaxxer.hikari.HikariDataSource       : HikariPool-1 - Starting...
2021-05-12 02:15:56.023  INFO 36808 --- [    Test worker] com.zaxxer.hikari.HikariDataSource       : HikariPool-1 - Start completed.
2021-05-12 02:15:56.302  INFO 36808 --- [    Test worker] o.hibernate.jpa.internal.util.LogHelper  : HHH000204: Processing PersistenceUnitInfo [
	name: default
	...]
2021-05-12 02:15:56.557  INFO 36808 --- [    Test worker] org.hibernate.Version                    : HHH000412: Hibernate Core {5.3.10.Final}
2021-05-12 02:15:56.563  INFO 36808 --- [    Test worker] org.hibernate.cfg.Environment            : HHH000206: hibernate.properties not found
2021-05-12 02:15:56.738  INFO 36808 --- [    Test worker] o.hibernate.annotations.common.Version   : HCANN000001: Hibernate Commons Annotations {5.0.4.Final}
2021-05-12 02:15:57.120  INFO 36808 --- [    Test worker] org.hibernate.dialect.Dialect            : HHH000400: Using dialect: org.hibernate.dialect.MySQL5InnoDBDialect
Hibernate: drop table if exists posts
Hibernate: drop table if exists user
Hibernate: create table posts (id bigint not null auto_increment, created_date datetime, modified_date datetime, author varchar(255), content TEXT not null, title varchar(500) not null, primary key (id)) engine=InnoDB
Hibernate: create table user (id bigint not null auto_increment, created_date datetime, modified_date datetime, email varchar(255) not null, name varchar(255) not null, picture varchar(255), role varchar(255) not null, primary key (id)) engine=InnoDB
2021-05-12 02:15:58.756  INFO 36808 --- [    Test worker] o.h.t.schema.internal.SchemaCreatorImpl  : HHH000476: Executing import script 'org.hibernate.tool.schema.internal.exec.ScriptSourceInputNonExistentImpl@634c49a'
2021-05-12 02:15:58.765  INFO 36808 --- [    Test worker] j.LocalContainerEntityManagerFactoryBean : Initialized JPA EntityManagerFactory for persistence unit 'default'
2021-05-12 02:15:59.912  INFO 36808 --- [    Test worker] o.h.h.i.QueryTranslatorFactoryInitiator  : HHH000397: Using ASTQueryTranslatorFactory
2021-05-12 02:16:00.555  INFO 36808 --- [    Test worker] o.s.s.web.DefaultSecurityFilterChain     : Creating filter chain: any request, [org.springframework.security.web.context.request.async.WebAsyncManagerIntegrationFilter@5be76692, org.springframework.security.web.context.SecurityContextPersistenceFilter@181dd718, org.springframework.security.web.header.HeaderWriterFilter@166a01a9, org.springframework.security.web.authentication.logout.LogoutFilter@1260ec76, org.springframework.security.oauth2.client.web.OAuth2AuthorizationRequestRedirectFilter@2f70e03f, org.springframework.security.oauth2.client.web.OAuth2LoginAuthenticationFilter@37bf90db, org.springframework.security.web.authentication.ui.DefaultLoginPageGeneratingFilter@64b352ef, org.springframework.security.web.authentication.ui.DefaultLogoutPageGeneratingFilter@543ca23a, org.springframework.security.web.savedrequest.RequestCacheAwareFilter@8d74142, org.springframework.security.web.servletapi.SecurityContextHolderAwareRequestFilter@4ef67eb8, org.springframework.security.web.authentication.AnonymousAuthenticationFilter@375144b2, org.springframework.security.web.session.SessionManagementFilter@40fd4253, org.springframework.security.web.access.ExceptionTranslationFilter@3a26f06, org.springframework.security.web.access.intercept.FilterSecurityInterceptor@3f88d05d]
2021-05-12 02:16:01.342  INFO 36808 --- [    Test worker] o.s.s.concurrent.ThreadPoolTaskExecutor  : Initializing ExecutorService 'applicationTaskExecutor'
2021-05-12 02:16:01.380  WARN 36808 --- [    Test worker] aWebConfiguration$JpaWebMvcConfiguration : spring.jpa.open-in-view is enabled by default. Therefore, database queries may be performed during view rendering. Explicitly configure spring.jpa.open-in-view to disable this warning
2021-05-12 02:16:01.459  INFO 36808 --- [    Test worker] o.s.b.a.w.s.WelcomePageHandlerMapping    : Adding welcome page template: index
2021-05-12 02:16:02.526  INFO 36808 --- [    Test worker] s.a.ScheduledAnnotationBeanPostProcessor : No TaskScheduler/ScheduledExecutorService bean found for scheduled processing
2021-05-12 02:16:02.540  INFO 36808 --- [    Test worker] o.e.s.domain.posts.PostsRepositoryTest   : Started PostsRepositoryTest in 8.949 seconds (JVM running for 17.81)
Hibernate: insert into posts (created_date, modified_date, author, content, title) values (?, ?, ?, ?, ?)
Hibernate: select posts0_.id as id1_0_, posts0_.created_date as created_2_0_, posts0_.modified_date as modified3_0_, posts0_.author as author4_0_, posts0_.content as content5_0_, posts0_.title as title6_0_ from posts posts0_
Hibernate: select posts0_.id as id1_0_, posts0_.created_date as created_2_0_, posts0_.modified_date as modified3_0_, posts0_.author as author4_0_, posts0_.content as content5_0_, posts0_.title as title6_0_ from posts posts0_
Hibernate: delete from posts where id=?
Hibernate: insert into posts (created_date, modified_date, author, content, title) values (?, ?, ?, ?, ?)
Hibernate: select posts0_.id as id1_0_, posts0_.created_date as created_2_0_, posts0_.modified_date as modified3_0_, posts0_.author as author4_0_, posts0_.content as content5_0_, posts0_.title as title6_0_ from posts posts0_
>>>>>>> createDate=2021-05-12T02:16:02.906016, modifiedDate=2021-05-12T02:16:02.906016
Hibernate: select posts0_.id as id1_0_, posts0_.created_date as created_2_0_, posts0_.modified_date as modified3_0_, posts0_.author as author4_0_, posts0_.content as content5_0_, posts0_.title as title6_0_ from posts posts0_
Hibernate: delete from posts where id=?
]]></system-out>
  <system-err><![CDATA[]]></system-err>
</testsuite>
